<?xml version="1.0" encoding="UTF-8"?>
<!-- Generated by org.testng.reporters.JUnitReportReporter -->
<testsuite hostname="LAPTOP-GG5LC0BQ" failures="0" tests="1" name="QualityKioskTraining.OrangeHRMTestCases.TestCases.ValidLoginTestCases" time="16.262" errors="0" timestamp="2021-06-07T00:18:27 IST" skipped="0">
  <testcase classname="QualityKioskTraining.OrangeHRMTestCases.TestCases.ValidLoginTestCases" name="testLoginWithValidCredential" time="16.262"/>
  <system-out/>
</testsuite> <!-- QualityKioskTraining.OrangeHRMTestCases.TestCases.ValidLoginTestCases -->
