<?xml version="1.0" encoding="UTF-8"?>
<!-- Generated by org.testng.reporters.JUnitReportReporter -->
<testsuite hostname="LAPTOP-GG5LC0BQ" failures="0" tests="3" name="QualityKioskTraining.OrangeHRMTestCases.TestCases.InvalidLoginTestCases" time="7.075" errors="0" timestamp="2021-05-31T01:46:16 IST" skipped="0">
  <testcase classname="QualityKioskTraining.OrangeHRMTestCases.TestCases.InvalidLoginTestCases" name="testLoginWithInValidCredential" time="4.471"/>
  <system-out/>
  <testcase classname="QualityKioskTraining.OrangeHRMTestCases.TestCases.InvalidLoginTestCases" name="testLoginWithInValidCredential" time="0.617"/>
  <system-out/>
  <testcase classname="QualityKioskTraining.OrangeHRMTestCases.TestCases.InvalidLoginTestCases" name="testLoginWithInValidCredential" time="1.987"/>
  <system-out/>
</testsuite> <!-- QualityKioskTraining.OrangeHRMTestCases.TestCases.InvalidLoginTestCases -->
