<?xml version="1.0" encoding="UTF-8"?>
<!-- Generated by org.testng.reporters.JUnitReportReporter -->
<testsuite hostname="LAPTOP-GG5LC0BQ" failures="0" tests="4" name="QualityKioskTraining.OrangeHRMTestCases.TestCases.InvalidLoginTestCases" time="4.663" errors="0" timestamp="2021-06-07T00:18:26 IST" skipped="0">
  <testcase classname="QualityKioskTraining.OrangeHRMTestCases.TestCases.InvalidLoginTestCases" name="testLoginWithInValidCredential" time="1.300"/>
  <system-out/>
  <testcase classname="QualityKioskTraining.OrangeHRMTestCases.TestCases.InvalidLoginTestCases" name="testLoginWithInValidCredential" time="0.430"/>
  <system-out/>
  <testcase classname="QualityKioskTraining.OrangeHRMTestCases.TestCases.InvalidLoginTestCases" name="testLoginWithInValidCredential" time="2.304"/>
  <system-out/>
  <testcase classname="QualityKioskTraining.OrangeHRMTestCases.TestCases.InvalidLoginTestCases" name="testLoginWithInValidCredential" time="0.629"/>
  <system-out/>
</testsuite> <!-- QualityKioskTraining.OrangeHRMTestCases.TestCases.InvalidLoginTestCases -->
